TN:
SF:src/createHueprint.ts
FN:4,(anonymous_0)
FNF:1
FNH:1
FNDA:80,(anonymous_0)
DA:4,5
DA:5,80
DA:6,80
DA:7,80
DA:10,80
DA:11,80
DA:13,80
LF:7
LH:7
BRDA:4,0,0,80
BRF:1
BRH:1
end_of_record
TN:
SF:src/index.ts
FNF:0
FNH:0
DA:19,5
LF:1
LH:1
BRF:0
BRH:0
end_of_record
TN:
SF:src/core/ansi.ts
FN:11,(anonymous_0)
FN:56,(anonymous_1)
FNF:2
FNH:2
FNDA:200,(anonymous_0)
FNDA:67,(anonymous_1)
DA:9,8
DA:11,200
DA:16,8
DA:28,8
DA:40,8
DA:50,8
DA:56,67
LF:7
LH:7
BRF:0
BRH:0
end_of_record
TN:
SF:src/core/builder.ts
FN:28,(anonymous_0)
FN:29,(anonymous_1)
FN:44,(anonymous_2)
FN:52,(anonymous_3)
FN:64,(anonymous_4)
FN:65,(anonymous_5)
FN:68,(anonymous_6)
FN:76,(anonymous_7)
FN:83,(anonymous_8)
FN:94,(anonymous_9)
FN:97,(anonymous_10)
FN:106,(anonymous_11)
FN:109,(anonymous_12)
FN:110,(anonymous_13)
FN:111,(anonymous_14)
FN:112,(anonymous_15)
FN:113,(anonymous_16)
FN:116,(anonymous_17)
FN:117,(anonymous_18)
FN:124,(anonymous_19)
FN:138,(anonymous_20)
FN:176,(anonymous_21)
FN:188,(anonymous_22)
FN:189,(anonymous_23)
FN:190,(anonymous_24)
FN:191,(anonymous_25)
FNF:26
FNH:15
FNDA:269,(anonymous_0)
FNDA:53,(anonymous_1)
FNDA:4,(anonymous_2)
FNDA:2,(anonymous_3)
FNDA:0,(anonymous_4)
FNDA:0,(anonymous_5)
FNDA:1,(anonymous_6)
FNDA:269,(anonymous_7)
FNDA:32,(anonymous_8)
FNDA:8,(anonymous_9)
FNDA:14,(anonymous_10)
FNDA:12,(anonymous_11)
FNDA:3,(anonymous_12)
FNDA:0,(anonymous_13)
FNDA:0,(anonymous_14)
FNDA:0,(anonymous_15)
FNDA:0,(anonymous_16)
FNDA:342,(anonymous_17)
FNDA:0,(anonymous_18)
FNDA:148,(anonymous_19)
FNDA:4,(anonymous_20)
FNDA:36,(anonymous_21)
FNDA:0,(anonymous_22)
FNDA:0,(anonymous_23)
FNDA:0,(anonymous_24)
FNDA:0,(anonymous_25)
DA:26,5
DA:28,5
DA:29,269
DA:30,53
DA:31,8
DA:34,45
DA:35,9
DA:38,36
DA:41,269
DA:44,5
DA:49,4
DA:53,2
DA:54,0
DA:57,2
DA:58,0
DA:61,2
DA:62,2
DA:64,2
DA:66,0
DA:69,1
DA:76,5
DA:77,269
DA:78,269
DA:79,269
DA:80,269
DA:81,269
DA:83,269
DA:84,32
DA:85,32
DA:87,32
DA:88,1
DA:91,31
DA:94,269
DA:97,269
DA:98,14
DA:99,14
DA:100,14
DA:101,14
DA:106,269
DA:109,269
DA:110,0
DA:111,0
DA:112,0
DA:113,0
DA:116,269
DA:117,342
DA:118,0
DA:119,0
DA:120,0
DA:122,0
DA:125,148
DA:126,8
DA:129,140
DA:130,9
DA:133,131
DA:134,13
DA:137,118
DA:138,5
DA:139,4
DA:146,4
DA:147,1
DA:150,4
DA:154,113
DA:155,13
DA:158,100
DA:159,2
DA:162,98
DA:163,3
DA:166,95
DA:167,4
DA:170,91
DA:171,71
DA:174,20
DA:177,36
DA:178,36
DA:179,14
DA:181,22
DA:185,269
DA:187,269
DA:188,0
DA:189,0
DA:190,0
DA:191,0
DA:194,269
LF:84
LH:69
BRDA:30,0,0,8
BRDA:30,0,1,45
BRDA:34,1,0,9
BRDA:34,1,1,36
BRDA:53,2,0,0
BRDA:53,2,1,2
BRDA:57,3,0,0
BRDA:57,3,1,2
BRDA:76,4,0,269
BRDA:78,5,0,269
BRDA:78,5,1,234
BRDA:80,6,0,269
BRDA:80,6,1,0
BRDA:87,7,0,1
BRDA:87,7,1,31
BRDA:88,8,0,0
BRDA:88,8,1,1
BRDA:100,9,0,3
BRDA:100,9,1,10
BRDA:101,10,0,3
BRDA:101,10,1,10
BRDA:102,11,0,3
BRDA:102,11,1,1
BRDA:102,12,0,3
BRDA:102,12,1,1
BRDA:103,13,0,10
BRDA:103,13,1,2
BRDA:103,14,0,10
BRDA:103,14,1,5
BRDA:110,15,0,0
BRDA:110,15,1,0
BRDA:111,16,0,0
BRDA:111,16,1,0
BRDA:112,17,0,0
BRDA:112,17,1,0
BRDA:113,18,0,0
BRDA:113,18,1,0
BRDA:119,19,0,0
BRDA:119,19,1,0
BRDA:120,20,0,0
BRDA:120,20,1,0
BRDA:125,21,0,8
BRDA:125,21,1,140
BRDA:129,22,0,9
BRDA:129,22,1,131
BRDA:133,23,0,13
BRDA:133,23,1,118
BRDA:137,24,0,5
BRDA:137,24,1,113
BRDA:146,25,0,1
BRDA:146,25,1,3
BRDA:154,26,0,13
BRDA:154,26,1,100
BRDA:158,27,0,2
BRDA:158,27,1,98
BRDA:162,28,0,3
BRDA:162,28,1,95
BRDA:166,29,0,4
BRDA:166,29,1,91
BRDA:170,30,0,71
BRDA:170,30,1,20
BRDA:170,31,0,91
BRDA:170,31,1,90
BRDA:178,32,0,14
BRDA:178,32,1,22
BRDA:179,33,0,3
BRDA:179,33,1,11
BRF:67
BRH:51
end_of_record
TN:
SF:src/core/index.ts
FNF:0
FNH:0
LF:0
LH:0
BRF:0
BRH:0
end_of_record
TN:
SF:src/core/types.ts
FNF:0
FNH:0
LF:0
LH:0
BRF:0
BRH:0
end_of_record
TN:
SF:src/core/utils.ts
FN:3,(anonymous_0)
FN:6,(anonymous_1)
FN:35,(anonymous_2)
FN:65,(anonymous_3)
FN:79,(anonymous_4)
FNF:5
FNH:5
FNDA:16,(anonymous_0)
FNDA:165,(anonymous_1)
FNDA:42,(anonymous_2)
FNDA:47,(anonymous_3)
FNDA:277,(anonymous_4)
DA:3,10
DA:4,16
DA:6,10
DA:7,165
DA:8,124
DA:11,41
DA:17,17
DA:20,24
DA:21,3
DA:24,21
DA:25,8
DA:28,13
DA:29,13
DA:31,1
DA:35,10
DA:36,42
DA:38,42
DA:39,36
DA:42,42
DA:43,5
DA:46,42
DA:56,42
DA:57,294
DA:58,34
DA:62,42
DA:65,10
DA:66,47
DA:67,47
DA:69,47
DA:70,81
DA:71,73
DA:72,73
DA:76,47
DA:79,10
DA:80,277
DA:81,251
DA:84,26
DA:85,0
DA:88,26
DA:89,1
DA:92,25
DA:93,1
DA:96,24
DA:97,1
DA:100,23
LF:45
LH:44
BRDA:4,0,0,16
BRDA:4,0,1,11
BRDA:4,0,2,10
BRDA:7,1,0,124
BRDA:7,1,1,41
BRDA:11,2,0,17
BRDA:11,2,1,24
BRDA:12,3,0,41
BRDA:12,3,1,29
BRDA:12,3,2,26
BRDA:12,3,3,25
BRDA:20,4,0,3
BRDA:20,4,1,21
BRDA:21,5,0,3
BRDA:21,5,1,2
BRDA:24,6,0,8
BRDA:24,6,1,13
BRDA:24,7,0,21
BRDA:24,7,1,17
BRDA:38,8,0,36
BRDA:38,8,1,6
BRDA:42,9,0,5
BRDA:42,9,1,37
BRDA:57,10,0,34
BRDA:57,10,1,260
BRDA:70,11,0,73
BRDA:70,11,1,8
BRDA:80,12,0,251
BRDA:80,12,1,26
BRDA:84,13,0,0
BRDA:84,13,1,26
BRDA:88,14,0,1
BRDA:88,14,1,25
BRDA:92,15,0,1
BRDA:92,15,1,24
BRDA:96,16,0,1
BRDA:96,16,1,23
BRF:37
BRH:36
end_of_record
TN:
SF:src/gradient/gradient.ts
FN:11,(anonymous_0)
FN:13,(anonymous_1)
FN:19,(anonymous_2)
FN:34,(anonymous_3)
FN:40,(anonymous_4)
FN:54,(anonymous_5)
FN:68,(anonymous_6)
FNF:7
FNH:7
FNDA:150,(anonymous_0)
FNDA:44,(anonymous_1)
FNDA:6,(anonymous_2)
FNDA:50,(anonymous_3)
FNDA:63,(anonymous_4)
FNDA:29,(anonymous_5)
FNDA:66,(anonymous_6)
DA:11,150
DA:13,6
DA:14,44
DA:16,44
DA:19,6
DA:23,44
DA:24,2
DA:27,42
DA:34,50
DA:40,6
DA:41,63
DA:42,13
DA:45,50
DA:46,50
DA:47,50
DA:48,50
DA:49,50
DA:51,50
DA:54,6
DA:55,29
DA:57,29
DA:58,4
DA:61,25
DA:62,1
DA:65,24
DA:67,24
DA:69,66
DA:70,3
DA:73,63
DA:74,63
DA:75,63
LF:31
LH:31
BRDA:16,0,0,2
BRDA:16,0,1,42
BRDA:23,1,0,2
BRDA:23,1,1,42
BRDA:41,2,0,13
BRDA:41,2,1,50
BRDA:41,3,0,63
BRDA:41,3,1,50
BRDA:57,4,0,4
BRDA:57,4,1,25
BRDA:57,5,0,29
BRDA:57,5,1,27
BRDA:61,6,0,1
BRDA:61,6,1,24
BRDA:69,7,0,3
BRDA:69,7,1,63
BRF:16
BRH:16
end_of_record
TN:
SF:src/gradient/index.ts
FNF:0
FNH:0
LF:0
LH:0
BRF:0
BRH:0
end_of_record
TN:
SF:src/html/index.ts
FNF:0
FNH:0
DA:12,1
LF:1
LH:1
BRF:0
BRH:0
end_of_record
TN:
SF:src/logger/format.ts
FN:32,(anonymous_0)
FN:44,(anonymous_1)
FN:44,(anonymous_2)
FNF:3
FNH:3
FNDA:29,(anonymous_0)
FNDA:31,(anonymous_1)
FNDA:40,(anonymous_2)
DA:9,6
DA:32,6
DA:35,29
DA:44,40
LF:4
LH:4
BRF:0
BRH:0
end_of_record
TN:
SF:src/logger/index.ts
FNF:0
FNH:0
LF:0
LH:0
BRF:0
BRH:0
end_of_record
TN:
SF:src/logger/logger.ts
FN:4,(anonymous_0)
FN:7,(anonymous_1)
FN:8,(anonymous_2)
FN:9,(anonymous_3)
FN:10,(anonymous_4)
FN:13,(anonymous_5)
FNF:6
FNH:6
FNDA:6,(anonymous_0)
FNDA:2,(anonymous_1)
FNDA:1,(anonymous_2)
FNDA:1,(anonymous_3)
FNDA:1,(anonymous_4)
FNDA:21,(anonymous_5)
DA:4,6
DA:6,6
DA:7,2
DA:8,1
DA:9,1
DA:10,1
DA:13,6
DA:19,21
DA:20,21
DA:21,21
DA:22,21
LF:11
LH:11
BRDA:22,0,0,20
BRDA:22,0,1,1
BRF:2
BRH:2
end_of_record
TN:
SF:src/object/index.ts
FNF:0
FNH:0
DA:15,1
LF:1
LH:1
BRF:0
BRH:0
end_of_record
TN:
SF:src/renderers/html.ts
FN:29,(anonymous_0)
FNF:1
FNH:1
FNDA:37,(anonymous_0)
DA:5,6
DA:17,6
DA:29,6
DA:30,37
DA:31,1
DA:34,36
DA:36,36
DA:37,42
DA:38,20
DA:41,42
DA:42,12
DA:43,12
DA:46,42
DA:47,5
DA:50,42
DA:51,1
DA:54,42
DA:55,1
DA:58,42
DA:59,1
DA:62,42
DA:63,1
DA:66,42
DA:67,1
DA:71,36
DA:72,36
LF:26
LH:26
BRDA:30,0,0,1
BRDA:30,0,1,36
BRDA:37,1,0,20
BRDA:37,1,1,22
BRDA:38,2,0,20
BRDA:38,2,1,0
BRDA:41,3,0,12
BRDA:41,3,1,30
BRDA:43,4,0,12
BRDA:43,4,1,0
BRDA:46,5,0,5
BRDA:46,5,1,37
BRDA:50,6,0,1
BRDA:50,6,1,41
BRDA:54,7,0,1
BRDA:54,7,1,41
BRDA:58,8,0,1
BRDA:58,8,1,41
BRDA:62,9,0,1
BRDA:62,9,1,41
BRDA:66,10,0,1
BRDA:66,10,1,41
BRF:22
BRH:20
end_of_record
TN:
SF:src/renderers/index.ts
FNF:0
FNH:0
LF:0
LH:0
BRF:0
BRH:0
end_of_record
TN:
SF:src/renderers/object.ts
FN:33,(anonymous_0)
FNF:1
FNH:1
FNDA:37,(anonymous_0)
DA:4,6
DA:16,6
DA:33,6
DA:34,37
DA:36,37
DA:37,42
DA:38,20
DA:41,42
DA:42,12
DA:45,42
DA:46,5
DA:49,42
DA:50,1
DA:53,42
DA:54,1
DA:57,42
DA:58,1
DA:61,42
DA:62,1
DA:65,42
DA:66,1
DA:70,37
LF:22
LH:22
BRDA:37,0,0,20
BRDA:37,0,1,22
BRDA:38,1,0,20
BRDA:38,1,1,0
BRDA:41,2,0,12
BRDA:41,2,1,30
BRDA:42,3,0,12
BRDA:42,3,1,0
BRDA:45,4,0,5
BRDA:45,4,1,37
BRDA:49,5,0,1
BRDA:49,5,1,41
BRDA:53,6,0,1
BRDA:53,6,1,41
BRDA:57,7,0,1
BRDA:57,7,1,41
BRDA:61,8,0,1
BRDA:61,8,1,41
BRDA:65,9,0,1
BRDA:65,9,1,41
BRF:20
BRH:18
end_of_record
TN:
SF:src/renderers/terminal.ts
FN:5,(anonymous_0)
FN:11,(anonymous_1)
FN:12,(anonymous_2)
FNF:3
FNH:3
FNDA:42,(anonymous_0)
FNDA:63,(anonymous_1)
FNDA:63,(anonymous_2)
DA:5,6
DA:6,42
DA:7,1
DA:10,41
DA:11,63
DA:12,63
DA:13,41
LF:7
LH:7
BRDA:6,0,0,1
BRDA:6,0,1,41
BRF:2
BRH:2
end_of_record
TN:
SF:src/styles/colors.ts
FNF:0
FNH:0
DA:3,6
DA:15,6
LF:2
LH:2
BRF:0
BRH:0
end_of_record
TN:
SF:src/styles/modifiers.ts
FNF:0
FNH:0
DA:3,6
LF:1
LH:1
BRF:0
BRH:0
end_of_record
TN:
SF:src/theme/index.ts
FNF:0
FNH:0
LF:0
LH:0
BRF:0
BRH:0
end_of_record
TN:
SF:src/theme/theme.ts
FN:3,(anonymous_0)
FN:5,(anonymous_1)
FNF:2
FNH:2
FNDA:26,(anonymous_0)
FNDA:32,(anonymous_1)
DA:3,26
DA:5,6
DA:6,32
DA:8,32
DA:9,4
DA:12,28
LF:6
LH:6
BRDA:8,0,0,4
BRDA:8,0,1,28
BRF:2
BRH:2
end_of_record
